<?xml version="1.0" encoding="UTF-8"?>
<testsuite xmlns:xsi="http://www.w3.org/2001/XMLSchema-instance" xsi:noNamespaceSchemaLocation="https://maven.apache.org/surefire/maven-surefire-plugin/xsd/surefire-test-report-3.0.xsd" version="3.0" name="TestSuite" time="289.888" tests="62" errors="0" skipped="0" failures="10">
  <properties>
    <property name="sun.desktop" value="windows"/>
    <property name="awt.toolkit" value="sun.awt.windows.WToolkit"/>
    <property name="file.encoding.pkg" value="sun.io"/>
    <property name="java.specification.version" value="1.8"/>
    <property name="webdriver.chrome.driver" value="C:\Users\nbogacheva\.cache\selenium\chromedriver\win32\85.0.4183.87\chromedriver.exe"/>
    <property name="sun.cpu.isalist" value="amd64"/>
    <property name="sun.jnu.encoding" value="Cp1251"/>
    <property name="java.class.path" value="C:\Centr\regtests\target\test-classes;C:\Centr\regtests\target\classes;C:\Users\nbogacheva\.m2\repository\org\seleniumhq\selenium\selenium-java\4.0.0-alpha-6\selenium-java-4.0.0-alpha-6.jar;C:\Users\nbogacheva\.m2\repository\org\seleniumhq\selenium\selenium-api\4.0.0-alpha-6\selenium-api-4.0.0-alpha-6.jar;C:\Users\nbogacheva\.m2\repository\org\seleniumhq\selenium\selenium-chrome-driver\4.0.0-alpha-6\selenium-chrome-driver-4.0.0-alpha-6.jar;C:\Users\nbogacheva\.m2\repository\com\google\auto\service\auto-service-annotations\1.0-rc6\auto-service-annotations-1.0-rc6.jar;C:\Users\nbogacheva\.m2\repository\com\google\auto\service\auto-service\1.0-rc6\auto-service-1.0-rc6.jar;C:\Users\nbogacheva\.m2\repository\com\google\auto\auto-common\0.10\auto-common-0.10.jar;C:\Users\nbogacheva\.m2\repository\com\google\guava\guava\29.0-jre\guava-29.0-jre.jar;C:\Users\nbogacheva\.m2\repository\com\google\guava\failureaccess\1.0.1\failureaccess-1.0.1.jar;C:\Users\nbogacheva\.m2\repository\com\google\guava\listenablefuture\9999.0-empty-to-avoid-conflict-with-guava\listenablefuture-9999.0-empty-to-avoid-conflict-with-guava.jar;C:\Users\nbogacheva\.m2\repository\org\checkerframework\checker-qual\2.11.1\checker-qual-2.11.1.jar;C:\Users\nbogacheva\.m2\repository\com\google\errorprone\error_prone_annotations\2.3.4\error_prone_annotations-2.3.4.jar;C:\Users\nbogacheva\.m2\repository\com\google\j2objc\j2objc-annotations\1.3\j2objc-annotations-1.3.jar;C:\Users\nbogacheva\.m2\repository\org\seleniumhq\selenium\selenium-chromium-driver\4.0.0-alpha-6\selenium-chromium-driver-4.0.0-alpha-6.jar;C:\Users\nbogacheva\.m2\repository\org\seleniumhq\selenium\selenium-devtools\4.0.0-alpha-6\selenium-devtools-4.0.0-alpha-6.jar;C:\Users\nbogacheva\.m2\repository\org\seleniumhq\selenium\selenium-http\4.0.0-alpha-6\selenium-http-4.0.0-alpha-6.jar;C:\Users\nbogacheva\.m2\repository\org\seleniumhq\selenium\selenium-json\4.0.0-alpha-6\selenium-json-4.0.0-alpha-6.jar;C:\Users\nbogacheva\.m2\repository\org\seleniumhq\selenium\selenium-edge-driver\4.0.0-alpha-6\selenium-edge-driver-4.0.0-alpha-6.jar;C:\Users\nbogacheva\.m2\repository\org\seleniumhq\selenium\selenium-edgehtml-driver\4.0.0-alpha-6\selenium-edgehtml-driver-4.0.0-alpha-6.jar;C:\Users\nbogacheva\.m2\repository\org\seleniumhq\selenium\selenium-firefox-driver\4.0.0-alpha-6\selenium-firefox-driver-4.0.0-alpha-6.jar;C:\Users\nbogacheva\.m2\repository\org\seleniumhq\selenium\selenium-firefox-xpi-driver\4.0.0-alpha-6\selenium-firefox-xpi-driver-4.0.0-alpha-6.jar;C:\Users\nbogacheva\.m2\repository\org\seleniumhq\selenium\selenium-ie-driver\4.0.0-alpha-6\selenium-ie-driver-4.0.0-alpha-6.jar;C:\Users\nbogacheva\.m2\repository\org\seleniumhq\selenium\selenium-opera-driver\4.0.0-alpha-6\selenium-opera-driver-4.0.0-alpha-6.jar;C:\Users\nbogacheva\.m2\repository\org\seleniumhq\selenium\selenium-remote-driver\4.0.0-alpha-6\selenium-remote-driver-4.0.0-alpha-6.jar;C:\Users\nbogacheva\.m2\repository\com\squareup\okhttp3\okhttp\4.5.0\okhttp-4.5.0.jar;C:\Users\nbogacheva\.m2\repository\org\jetbrains\kotlin\kotlin-stdlib\1.3.70\kotlin-stdlib-1.3.70.jar;C:\Users\nbogacheva\.m2\repository\org\jetbrains\annotations\13.0\annotations-13.0.jar;C:\Users\nbogacheva\.m2\repository\com\squareup\okio\okio\2.6.0\okio-2.6.0.jar;C:\Users\nbogacheva\.m2\repository\org\jetbrains\kotlin\kotlin-stdlib-common\1.3.70\kotlin-stdlib-common-1.3.70.jar;C:\Users\nbogacheva\.m2\repository\com\typesafe\netty\netty-reactive-streams\2.0.4\netty-reactive-streams-2.0.4.jar;C:\Users\nbogacheva\.m2\repository\io\netty\netty-handler\4.1.43.Final\netty-handler-4.1.43.Final.jar;C:\Users\nbogacheva\.m2\repository\org\reactivestreams\reactive-streams\1.0.3\reactive-streams-1.0.3.jar;C:\Users\nbogacheva\.m2\repository\io\grpc\grpc-context\1.28.0\grpc-context-1.28.0.jar;C:\Users\nbogacheva\.m2\repository\io\netty\netty-buffer\4.1.49.Final\netty-buffer-4.1.49.Final.jar;C:\Users\nbogacheva\.m2\repository\io\netty\netty-common\4.1.49.Final\netty-common-4.1.49.Final.jar;C:\Users\nbogacheva\.m2\repository\io\netty\netty-codec-http\4.1.49.Final\netty-codec-http-4.1.49.Final.jar;C:\Users\nbogacheva\.m2\repository\io\netty\netty-codec\4.1.49.Final\netty-codec-4.1.49.Final.jar;C:\Users\nbogacheva\.m2\repository\io\netty\netty-transport-native-epoll\4.1.49.Final\netty-transport-native-epoll-4.1.49.Final.jar;C:\Users\nbogacheva\.m2\repository\io\netty\netty-transport-native-epoll\4.1.49.Final\netty-transport-native-epoll-4.1.49.Final-linux-x86_64.jar;C:\Users\nbogacheva\.m2\repository\io\netty\netty-transport-native-kqueue\4.1.49.Final\netty-transport-native-kqueue-4.1.49.Final.jar;C:\Users\nbogacheva\.m2\repository\io\netty\netty-transport-native-kqueue\4.1.49.Final\netty-transport-native-kqueue-4.1.49.Final-osx-x86_64.jar;C:\Users\nbogacheva\.m2\repository\io\netty\netty-transport-native-unix-common\4.1.49.Final\netty-transport-native-unix-common-4.1.49.Final.jar;C:\Users\nbogacheva\.m2\repository\io\netty\netty-transport\4.1.49.Final\netty-transport-4.1.49.Final.jar;C:\Users\nbogacheva\.m2\repository\io\netty\netty-resolver\4.1.49.Final\netty-resolver-4.1.49.Final.jar;C:\Users\nbogacheva\.m2\repository\io\opentelemetry\opentelemetry-api\0.4.0\opentelemetry-api-0.4.0.jar;C:\Users\nbogacheva\.m2\repository\io\opentelemetry\opentelemetry-context-prop\0.4.0\opentelemetry-context-prop-0.4.0.jar;C:\Users\nbogacheva\.m2\repository\io\opentelemetry\opentelemetry-sdk\0.4.0\opentelemetry-sdk-0.4.0.jar;C:\Users\nbogacheva\.m2\repository\io\projectreactor\netty\reactor-netty\0.9.6.RELEASE\reactor-netty-0.9.6.RELEASE.jar;C:\Users\nbogacheva\.m2\repository\io\netty\netty-codec-http2\4.1.48.Final\netty-codec-http2-4.1.48.Final.jar;C:\Users\nbogacheva\.m2\repository\io\netty\netty-handler-proxy\4.1.48.Final\netty-handler-proxy-4.1.48.Final.jar;C:\Users\nbogacheva\.m2\repository\io\projectreactor\reactor-core\3.3.5.RELEASE\reactor-core-3.3.5.RELEASE.jar;C:\Users\nbogacheva\.m2\repository\net\bytebuddy\byte-buddy\1.10.9\byte-buddy-1.10.9.jar;C:\Users\nbogacheva\.m2\repository\org\apache\commons\commons-exec\1.3\commons-exec-1.3.jar;C:\Users\nbogacheva\.m2\repository\org\asynchttpclient\async-http-client\2.12.1\async-http-client-2.12.1.jar;C:\Users\nbogacheva\.m2\repository\org\asynchttpclient\async-http-client-netty-utils\2.12.1\async-http-client-netty-utils-2.12.1.jar;C:\Users\nbogacheva\.m2\repository\io\netty\netty-codec-socks\4.1.48.Final\netty-codec-socks-4.1.48.Final.jar;C:\Users\nbogacheva\.m2\repository\com\sun\activation\javax.activation\1.2.0\javax.activation-1.2.0.jar;C:\Users\nbogacheva\.m2\repository\org\seleniumhq\selenium\selenium-safari-driver\4.0.0-alpha-6\selenium-safari-driver-4.0.0-alpha-6.jar;C:\Users\nbogacheva\.m2\repository\org\seleniumhq\selenium\selenium-support\4.0.0-alpha-6\selenium-support-4.0.0-alpha-6.jar;C:\Users\nbogacheva\.m2\repository\org\testng\testng\7.3.0\testng-7.3.0.jar;C:\Users\nbogacheva\.m2\repository\com\beust\jcommander\1.78\jcommander-1.78.jar;C:\Users\nbogacheva\.m2\repository\org\apache\ant\ant\1.10.3\ant-1.10.3.jar;C:\Users\nbogacheva\.m2\repository\org\apache\ant\ant-launcher\1.10.3\ant-launcher-1.10.3.jar;C:\Users\nbogacheva\.m2\repository\junit\junit\4.12\junit-4.12.jar;C:\Users\nbogacheva\.m2\repository\org\hamcrest\hamcrest-core\1.3\hamcrest-core-1.3.jar;C:\Users\nbogacheva\.m2\repository\com\google\inject\guice\4.2.2\guice-4.2.2-no_aop.jar;C:\Users\nbogacheva\.m2\repository\javax\inject\javax.inject\1\javax.inject-1.jar;C:\Users\nbogacheva\.m2\repository\aopalliance\aopalliance\1.0\aopalliance-1.0.jar;C:\Users\nbogacheva\.m2\repository\org\yaml\snakeyaml\1.21\snakeyaml-1.21.jar;C:\Users\nbogacheva\.m2\repository\io\github\bonigarcia\webdrivermanager\4.2.0\webdrivermanager-4.2.0.jar;C:\Users\nbogacheva\.m2\repository\org\slf4j\slf4j-api\1.7.30\slf4j-api-1.7.30.jar;C:\Users\nbogacheva\.m2\repository\commons-io\commons-io\2.7\commons-io-2.7.jar;C:\Users\nbogacheva\.m2\repository\com\google\code\gson\gson\2.8.6\gson-2.8.6.jar;C:\Users\nbogacheva\.m2\repository\org\apache\commons\commons-lang3\3.11\commons-lang3-3.11.jar;C:\Users\nbogacheva\.m2\repository\org\apache\httpcomponents\client5\httpclient5\5.0.1\httpclient5-5.0.1.jar;C:\Users\nbogacheva\.m2\repository\org\apache\httpcomponents\core5\httpcore5\5.0.1\httpcore5-5.0.1.jar;C:\Users\nbogacheva\.m2\repository\org\apache\httpcomponents\core5\httpcore5-h2\5.0.1\httpcore5-h2-5.0.1.jar;C:\Users\nbogacheva\.m2\repository\commons-codec\commons-codec\1.13\commons-codec-1.13.jar;C:\Users\nbogacheva\.m2\repository\org\rauschig\jarchivelib\1.0.0\jarchivelib-1.0.0.jar;C:\Users\nbogacheva\.m2\repository\org\apache\commons\commons-compress\1.18\commons-compress-1.18.jar;C:\Users\nbogacheva\.m2\repository\org\jsoup\jsoup\1.13.1\jsoup-1.13.1.jar;C:\Users\nbogacheva\.m2\repository\com\opencsv\opencsv\4.2\opencsv-4.2.jar;C:\Users\nbogacheva\.m2\repository\org\apache\commons\commons-text\1.3\commons-text-1.3.jar;C:\Users\nbogacheva\.m2\repository\commons-beanutils\commons-beanutils\1.9.3\commons-beanutils-1.9.3.jar;C:\Users\nbogacheva\.m2\repository\commons-logging\commons-logging\1.2\commons-logging-1.2.jar;C:\Users\nbogacheva\.m2\repository\commons-collections\commons-collections\3.2.2\commons-collections-3.2.2.jar;C:\Users\nbogacheva\.m2\repository\org\apache\commons\commons-collections4\4.1\commons-collections4-4.1.jar;C:\Users\nbogacheva\.m2\repository\org\subethamail\subethasmtp\3.1.7\subethasmtp-3.1.7.jar;C:\Users\nbogacheva\.m2\repository\javax\mail\mail\1.4.4\mail-1.4.4.jar;C:\Users\nbogacheva\.m2\repository\javax\activation\activation\1.1.1\activation-1.1.1.jar;C:\Users\nbogacheva\.m2\repository\com\google\code\findbugs\jsr305\1.3.9\jsr305-1.3.9.jar;C:\Users\nbogacheva\.m2\repository\io\qameta\allure\allure-testng\2.13.5\allure-testng-2.13.5.jar;C:\Users\nbogacheva\.m2\repository\io\qameta\allure\allure-java-commons\2.13.5\allure-java-commons-2.13.5.jar;C:\Users\nbogacheva\.m2\repository\io\qameta\allure\allure-model\2.13.5\allure-model-2.13.5.jar;C:\Users\nbogacheva\.m2\repository\com\fasterxml\jackson\core\jackson-databind\2.9.8\jackson-databind-2.9.8.jar;C:\Users\nbogacheva\.m2\repository\com\fasterxml\jackson\core\jackson-annotations\2.9.0\jackson-annotations-2.9.0.jar;C:\Users\nbogacheva\.m2\repository\com\fasterxml\jackson\core\jackson-core\2.9.8\jackson-core-2.9.8.jar;C:\Users\nbogacheva\.m2\repository\org\apache\tika\tika-core\1.20\tika-core-1.20.jar;C:\Users\nbogacheva\.m2\repository\org\jooq\joor-java-8\0.9.10\joor-java-8-0.9.10.jar;"/>
    <property name="java.vm.vendor" value="Oracle Corporation"/>
    <property name="sun.arch.data.model" value="64"/>
    <property name="user.variant" value=""/>
    <property name="java.vendor.url" value="http://java.oracle.com/"/>
    <property name="user.timezone" value="Asia/Novosibirsk"/>
    <property name="java.vm.specification.version" value="1.8"/>
    <property name="os.name" value="Windows 10"/>
    <property name="user.country" value="RU"/>
    <property name="sun.java.launcher" value="SUN_STANDARD"/>
    <property name="sun.boot.library.path" value="C:\Program Files\Java\jdk1.8.0_171\jre\bin"/>
    <property name="sun.java.command" value="C:\Users\nbogacheva\AppData\Local\Temp\surefire1843165617144300681\surefirebooter6574389810231945717.jar C:\Users\nbogacheva\AppData\Local\Temp\surefire1843165617144300681 2020-09-23T15-25-00_345-jvmRun1 surefire2202649458654236744tmp surefire_01864404760841658240tmp"/>
    <property name="surefire.test.class.path" value="C:\Centr\regtests\target\test-classes;C:\Centr\regtests\target\classes;C:\Users\nbogacheva\.m2\repository\org\seleniumhq\selenium\selenium-java\4.0.0-alpha-6\selenium-java-4.0.0-alpha-6.jar;C:\Users\nbogacheva\.m2\repository\org\seleniumhq\selenium\selenium-api\4.0.0-alpha-6\selenium-api-4.0.0-alpha-6.jar;C:\Users\nbogacheva\.m2\repository\org\seleniumhq\selenium\selenium-chrome-driver\4.0.0-alpha-6\selenium-chrome-driver-4.0.0-alpha-6.jar;C:\Users\nbogacheva\.m2\repository\com\google\auto\service\auto-service-annotations\1.0-rc6\auto-service-annotations-1.0-rc6.jar;C:\Users\nbogacheva\.m2\repository\com\google\auto\service\auto-service\1.0-rc6\auto-service-1.0-rc6.jar;C:\Users\nbogacheva\.m2\repository\com\google\auto\auto-common\0.10\auto-common-0.10.jar;C:\Users\nbogacheva\.m2\repository\com\google\guava\guava\29.0-jre\guava-29.0-jre.jar;C:\Users\nbogacheva\.m2\repository\com\google\guava\failureaccess\1.0.1\failureaccess-1.0.1.jar;C:\Users\nbogacheva\.m2\repository\com\google\guava\listenablefuture\9999.0-empty-to-avoid-conflict-with-guava\listenablefuture-9999.0-empty-to-avoid-conflict-with-guava.jar;C:\Users\nbogacheva\.m2\repository\org\checkerframework\checker-qual\2.11.1\checker-qual-2.11.1.jar;C:\Users\nbogacheva\.m2\repository\com\google\errorprone\error_prone_annotations\2.3.4\error_prone_annotations-2.3.4.jar;C:\Users\nbogacheva\.m2\repository\com\google\j2objc\j2objc-annotations\1.3\j2objc-annotations-1.3.jar;C:\Users\nbogacheva\.m2\repository\org\seleniumhq\selenium\selenium-chromium-driver\4.0.0-alpha-6\selenium-chromium-driver-4.0.0-alpha-6.jar;C:\Users\nbogacheva\.m2\repository\org\seleniumhq\selenium\selenium-devtools\4.0.0-alpha-6\selenium-devtools-4.0.0-alpha-6.jar;C:\Users\nbogacheva\.m2\repository\org\seleniumhq\selenium\selenium-http\4.0.0-alpha-6\selenium-http-4.0.0-alpha-6.jar;C:\Users\nbogacheva\.m2\repository\org\seleniumhq\selenium\selenium-json\4.0.0-alpha-6\selenium-json-4.0.0-alpha-6.jar;C:\Users\nbogacheva\.m2\repository\org\seleniumhq\selenium\selenium-edge-driver\4.0.0-alpha-6\selenium-edge-driver-4.0.0-alpha-6.jar;C:\Users\nbogacheva\.m2\repository\org\seleniumhq\selenium\selenium-edgehtml-driver\4.0.0-alpha-6\selenium-edgehtml-driver-4.0.0-alpha-6.jar;C:\Users\nbogacheva\.m2\repository\org\seleniumhq\selenium\selenium-firefox-driver\4.0.0-alpha-6\selenium-firefox-driver-4.0.0-alpha-6.jar;C:\Users\nbogacheva\.m2\repository\org\seleniumhq\selenium\selenium-firefox-xpi-driver\4.0.0-alpha-6\selenium-firefox-xpi-driver-4.0.0-alpha-6.jar;C:\Users\nbogacheva\.m2\repository\org\seleniumhq\selenium\selenium-ie-driver\4.0.0-alpha-6\selenium-ie-driver-4.0.0-alpha-6.jar;C:\Users\nbogacheva\.m2\repository\org\seleniumhq\selenium\selenium-opera-driver\4.0.0-alpha-6\selenium-opera-driver-4.0.0-alpha-6.jar;C:\Users\nbogacheva\.m2\repository\org\seleniumhq\selenium\selenium-remote-driver\4.0.0-alpha-6\selenium-remote-driver-4.0.0-alpha-6.jar;C:\Users\nbogacheva\.m2\repository\com\squareup\okhttp3\okhttp\4.5.0\okhttp-4.5.0.jar;C:\Users\nbogacheva\.m2\repository\org\jetbrains\kotlin\kotlin-stdlib\1.3.70\kotlin-stdlib-1.3.70.jar;C:\Users\nbogacheva\.m2\repository\org\jetbrains\annotations\13.0\annotations-13.0.jar;C:\Users\nbogacheva\.m2\repository\com\squareup\okio\okio\2.6.0\okio-2.6.0.jar;C:\Users\nbogacheva\.m2\repository\org\jetbrains\kotlin\kotlin-stdlib-common\1.3.70\kotlin-stdlib-common-1.3.70.jar;C:\Users\nbogacheva\.m2\repository\com\typesafe\netty\netty-reactive-streams\2.0.4\netty-reactive-streams-2.0.4.jar;C:\Users\nbogacheva\.m2\repository\io\netty\netty-handler\4.1.43.Final\netty-handler-4.1.43.Final.jar;C:\Users\nbogacheva\.m2\repository\org\reactivestreams\reactive-streams\1.0.3\reactive-streams-1.0.3.jar;C:\Users\nbogacheva\.m2\repository\io\grpc\grpc-context\1.28.0\grpc-context-1.28.0.jar;C:\Users\nbogacheva\.m2\repository\io\netty\netty-buffer\4.1.49.Final\netty-buffer-4.1.49.Final.jar;C:\Users\nbogacheva\.m2\repository\io\netty\netty-common\4.1.49.Final\netty-common-4.1.49.Final.jar;C:\Users\nbogacheva\.m2\repository\io\netty\netty-codec-http\4.1.49.Final\netty-codec-http-4.1.49.Final.jar;C:\Users\nbogacheva\.m2\repository\io\netty\netty-codec\4.1.49.Final\netty-codec-4.1.49.Final.jar;C:\Users\nbogacheva\.m2\repository\io\netty\netty-transport-native-epoll\4.1.49.Final\netty-transport-native-epoll-4.1.49.Final.jar;C:\Users\nbogacheva\.m2\repository\io\netty\netty-transport-native-epoll\4.1.49.Final\netty-transport-native-epoll-4.1.49.Final-linux-x86_64.jar;C:\Users\nbogacheva\.m2\repository\io\netty\netty-transport-native-kqueue\4.1.49.Final\netty-transport-native-kqueue-4.1.49.Final.jar;C:\Users\nbogacheva\.m2\repository\io\netty\netty-transport-native-kqueue\4.1.49.Final\netty-transport-native-kqueue-4.1.49.Final-osx-x86_64.jar;C:\Users\nbogacheva\.m2\repository\io\netty\netty-transport-native-unix-common\4.1.49.Final\netty-transport-native-unix-common-4.1.49.Final.jar;C:\Users\nbogacheva\.m2\repository\io\netty\netty-transport\4.1.49.Final\netty-transport-4.1.49.Final.jar;C:\Users\nbogacheva\.m2\repository\io\netty\netty-resolver\4.1.49.Final\netty-resolver-4.1.49.Final.jar;C:\Users\nbogacheva\.m2\repository\io\opentelemetry\opentelemetry-api\0.4.0\opentelemetry-api-0.4.0.jar;C:\Users\nbogacheva\.m2\repository\io\opentelemetry\opentelemetry-context-prop\0.4.0\opentelemetry-context-prop-0.4.0.jar;C:\Users\nbogacheva\.m2\repository\io\opentelemetry\opentelemetry-sdk\0.4.0\opentelemetry-sdk-0.4.0.jar;C:\Users\nbogacheva\.m2\repository\io\projectreactor\netty\reactor-netty\0.9.6.RELEASE\reactor-netty-0.9.6.RELEASE.jar;C:\Users\nbogacheva\.m2\repository\io\netty\netty-codec-http2\4.1.48.Final\netty-codec-http2-4.1.48.Final.jar;C:\Users\nbogacheva\.m2\repository\io\netty\netty-handler-proxy\4.1.48.Final\netty-handler-proxy-4.1.48.Final.jar;C:\Users\nbogacheva\.m2\repository\io\projectreactor\reactor-core\3.3.5.RELEASE\reactor-core-3.3.5.RELEASE.jar;C:\Users\nbogacheva\.m2\repository\net\bytebuddy\byte-buddy\1.10.9\byte-buddy-1.10.9.jar;C:\Users\nbogacheva\.m2\repository\org\apache\commons\commons-exec\1.3\commons-exec-1.3.jar;C:\Users\nbogacheva\.m2\repository\org\asynchttpclient\async-http-client\2.12.1\async-http-client-2.12.1.jar;C:\Users\nbogacheva\.m2\repository\org\asynchttpclient\async-http-client-netty-utils\2.12.1\async-http-client-netty-utils-2.12.1.jar;C:\Users\nbogacheva\.m2\repository\io\netty\netty-codec-socks\4.1.48.Final\netty-codec-socks-4.1.48.Final.jar;C:\Users\nbogacheva\.m2\repository\com\sun\activation\javax.activation\1.2.0\javax.activation-1.2.0.jar;C:\Users\nbogacheva\.m2\repository\org\seleniumhq\selenium\selenium-safari-driver\4.0.0-alpha-6\selenium-safari-driver-4.0.0-alpha-6.jar;C:\Users\nbogacheva\.m2\repository\org\seleniumhq\selenium\selenium-support\4.0.0-alpha-6\selenium-support-4.0.0-alpha-6.jar;C:\Users\nbogacheva\.m2\repository\org\testng\testng\7.3.0\testng-7.3.0.jar;C:\Users\nbogacheva\.m2\repository\com\beust\jcommander\1.78\jcommander-1.78.jar;C:\Users\nbogacheva\.m2\repository\org\apache\ant\ant\1.10.3\ant-1.10.3.jar;C:\Users\nbogacheva\.m2\repository\org\apache\ant\ant-launcher\1.10.3\ant-launcher-1.10.3.jar;C:\Users\nbogacheva\.m2\repository\junit\junit\4.12\junit-4.12.jar;C:\Users\nbogacheva\.m2\repository\org\hamcrest\hamcrest-core\1.3\hamcrest-core-1.3.jar;C:\Users\nbogacheva\.m2\repository\com\google\inject\guice\4.2.2\guice-4.2.2-no_aop.jar;C:\Users\nbogacheva\.m2\repository\javax\inject\javax.inject\1\javax.inject-1.jar;C:\Users\nbogacheva\.m2\repository\aopalliance\aopalliance\1.0\aopalliance-1.0.jar;C:\Users\nbogacheva\.m2\repository\org\yaml\snakeyaml\1.21\snakeyaml-1.21.jar;C:\Users\nbogacheva\.m2\repository\io\github\bonigarcia\webdrivermanager\4.2.0\webdrivermanager-4.2.0.jar;C:\Users\nbogacheva\.m2\repository\org\slf4j\slf4j-api\1.7.30\slf4j-api-1.7.30.jar;C:\Users\nbogacheva\.m2\repository\commons-io\commons-io\2.7\commons-io-2.7.jar;C:\Users\nbogacheva\.m2\repository\com\google\code\gson\gson\2.8.6\gson-2.8.6.jar;C:\Users\nbogacheva\.m2\repository\org\apache\commons\commons-lang3\3.11\commons-lang3-3.11.jar;C:\Users\nbogacheva\.m2\repository\org\apache\httpcomponents\client5\httpclient5\5.0.1\httpclient5-5.0.1.jar;C:\Users\nbogacheva\.m2\repository\org\apache\httpcomponents\core5\httpcore5\5.0.1\httpcore5-5.0.1.jar;C:\Users\nbogacheva\.m2\repository\org\apache\httpcomponents\core5\httpcore5-h2\5.0.1\httpcore5-h2-5.0.1.jar;C:\Users\nbogacheva\.m2\repository\commons-codec\commons-codec\1.13\commons-codec-1.13.jar;C:\Users\nbogacheva\.m2\repository\org\rauschig\jarchivelib\1.0.0\jarchivelib-1.0.0.jar;C:\Users\nbogacheva\.m2\repository\org\apache\commons\commons-compress\1.18\commons-compress-1.18.jar;C:\Users\nbogacheva\.m2\repository\org\jsoup\jsoup\1.13.1\jsoup-1.13.1.jar;C:\Users\nbogacheva\.m2\repository\com\opencsv\opencsv\4.2\opencsv-4.2.jar;C:\Users\nbogacheva\.m2\repository\org\apache\commons\commons-text\1.3\commons-text-1.3.jar;C:\Users\nbogacheva\.m2\repository\commons-beanutils\commons-beanutils\1.9.3\commons-beanutils-1.9.3.jar;C:\Users\nbogacheva\.m2\repository\commons-logging\commons-logging\1.2\commons-logging-1.2.jar;C:\Users\nbogacheva\.m2\repository\commons-collections\commons-collections\3.2.2\commons-collections-3.2.2.jar;C:\Users\nbogacheva\.m2\repository\org\apache\commons\commons-collections4\4.1\commons-collections4-4.1.jar;C:\Users\nbogacheva\.m2\repository\org\subethamail\subethasmtp\3.1.7\subethasmtp-3.1.7.jar;C:\Users\nbogacheva\.m2\repository\javax\mail\mail\1.4.4\mail-1.4.4.jar;C:\Users\nbogacheva\.m2\repository\javax\activation\activation\1.1.1\activation-1.1.1.jar;C:\Users\nbogacheva\.m2\repository\com\google\code\findbugs\jsr305\1.3.9\jsr305-1.3.9.jar;C:\Users\nbogacheva\.m2\repository\io\qameta\allure\allure-testng\2.13.5\allure-testng-2.13.5.jar;C:\Users\nbogacheva\.m2\repository\io\qameta\allure\allure-java-commons\2.13.5\allure-java-commons-2.13.5.jar;C:\Users\nbogacheva\.m2\repository\io\qameta\allure\allure-model\2.13.5\allure-model-2.13.5.jar;C:\Users\nbogacheva\.m2\repository\com\fasterxml\jackson\core\jackson-databind\2.9.8\jackson-databind-2.9.8.jar;C:\Users\nbogacheva\.m2\repository\com\fasterxml\jackson\core\jackson-annotations\2.9.0\jackson-annotations-2.9.0.jar;C:\Users\nbogacheva\.m2\repository\com\fasterxml\jackson\core\jackson-core\2.9.8\jackson-core-2.9.8.jar;C:\Users\nbogacheva\.m2\repository\org\apache\tika\tika-core\1.20\tika-core-1.20.jar;C:\Users\nbogacheva\.m2\repository\org\jooq\joor-java-8\0.9.10\joor-java-8-0.9.10.jar;"/>
    <property name="allure.results.directory" value="target/allure-results"/>
    <property name="sun.cpu.endian" value="little"/>
    <property name="user.home" value="C:\Users\nbogacheva"/>
    <property name="user.language" value="ru"/>
    <property name="java.specification.vendor" value="Oracle Corporation"/>
    <property name="java.home" value="C:\Program Files\Java\jdk1.8.0_171\jre"/>
    <property name="testng.dtd.http" value="true"/>
    <property name="basedir" value="C:\Centr\regtests"/>
    <property name="file.separator" value="\"/>
    <property name="line.separator" value="&#10;"/>
    <property name="java.vm.specification.vendor" value="Oracle Corporation"/>
    <property name="java.specification.name" value="Java Platform API Specification"/>
    <property name="java.awt.graphicsenv" value="sun.awt.Win32GraphicsEnvironment"/>
    <property name="surefire.real.class.path" value="C:\Users\nbogacheva\AppData\Local\Temp\surefire1843165617144300681\surefirebooter6574389810231945717.jar;C:\Users\nbogacheva\.m2\repository/org/aspectj/aspectjweaver/1.9.4/aspectjweaver-1.9.4.jar"/>
    <property name="sun.boot.class.path" value="C:\Program Files\Java\jdk1.8.0_171\jre\lib\resources.jar;C:\Program Files\Java\jdk1.8.0_171\jre\lib\rt.jar;C:\Program Files\Java\jdk1.8.0_171\jre\lib\sunrsasign.jar;C:\Program Files\Java\jdk1.8.0_171\jre\lib\jsse.jar;C:\Program Files\Java\jdk1.8.0_171\jre\lib\jce.jar;C:\Program Files\Java\jdk1.8.0_171\jre\lib\charsets.jar;C:\Program Files\Java\jdk1.8.0_171\jre\lib\jfr.jar;C:\Program Files\Java\jdk1.8.0_171\jre\classes"/>
    <property name="user.script" value=""/>
    <property name="sun.management.compiler" value="HotSpot 64-Bit Tiered Compilers"/>
    <property name="java.runtime.version" value="1.8.0_171-b11"/>
    <property name="user.name" value="nbogacheva"/>
    <property name="path.separator" value=";"/>
    <property name="os.version" value="10.0"/>
    <property name="java.endorsed.dirs" value="C:\Program Files\Java\jdk1.8.0_171\jre\lib\endorsed"/>
    <property name="java.runtime.name" value="Java(TM) SE Runtime Environment"/>
    <property name="file.encoding" value="Cp1251"/>
    <property name="sun.nio.ch.bugLevel" value=""/>
    <property name="java.vm.name" value="Java HotSpot(TM) 64-Bit Server VM"/>
    <property name="localRepository" value="C:\Users\nbogacheva\.m2\repository"/>
    <property name="java.vendor.url.bug" value="http://bugreport.sun.com/bugreport/"/>
    <property name="java.io.tmpdir" value="C:\Users\NBOGAC~1\AppData\Local\Temp\"/>
    <property name="idea.version" value="2018.1.8"/>
    <property name="java.version" value="1.8.0_171"/>
    <property name="user.dir" value="C:\Centr\regtests"/>
    <property name="os.arch" value="amd64"/>
    <property name="java.vm.specification.name" value="Java Virtual Machine Specification"/>
    <property name="java.awt.printerjob" value="sun.awt.windows.WPrinterJob"/>
    <property name="sun.os.patch.level" value=""/>
    <property name="java.library.path" value="C:\Program Files\Java\jdk1.8.0_171\jre\bin;C:\WINDOWS\Sun\Java\bin;C:\WINDOWS\system32;C:\WINDOWS;C:\oracle\product\12.2.0.1\client_1\bin;C:\Program Files\Docker\Docker\resources\bin;C:\Program Files (x86)\Common Files\Oracle\Java\javapath;C:\oracle\product\11.2.0\client\bin;C:\WINDOWS\system32;C:\WINDOWS;C:\WINDOWS\System32\Wbem;C:\WINDOWS\System32\WindowsPowerShell\v1.0\;C:\Program Files\Aladdin\eToken\PKIClient\x32;C:\Program Files\Aladdin\eToken\PKIClient\x64;C:\Program Files\Java\jdk1.8.0_171\\bin;C:\Program Files\maven\\bin;C:\Program Files\Git\cmd;C:\Program Files\nodejs\;C:\Tools\;%CLASSPATH %;C:\Users\nbogacheva\AppData\Local\Programs\Python\Python37-32\Scripts\;C:\Users\nbogacheva\AppData\Local\Programs\Python\Python37-32\;C:\Program Files\PuTTY\;C:\Program Files\dotnet\;C:\Program Files (x86)\Yarn\bin\;C:\Program Files\Microsoft VS Code\bin;C:\Users\nbogacheva\AppData\Local\Programs\Python\Python37-32\Scripts\;C:\Users\nbogacheva\AppData\Local\Programs\Python\Python37-32\;C:\Users\nbogacheva\AppData\Local\Microsoft\WindowsApps;C:\Users\nbogacheva\AppData\Local\atom\bin;C:\Users\nbogacheva\AppData\Roaming\npm;C:\Program Files\Microsoft VS Code\bin;C:\Users\nbogacheva\.dotnet\tools;C:\Users\nbogacheva\.dotnet\tools;C:\Users\nbogacheva\AppData\Local\Yarn\bin;."/>
    <property name="java.vm.info" value="mixed mode"/>
    <property name="java.vendor" value="Oracle Corporation"/>
    <property name="java.vm.version" value="25.171-b11"/>
    <property name="java.ext.dirs" value="C:\Program Files\Java\jdk1.8.0_171\jre\lib\ext;C:\WINDOWS\Sun\Java\lib\ext"/>
    <property name="sun.io.unicode.encoding" value="UnicodeLittle"/>
    <property name="java.class.version" value="52.0"/>
  </properties>
  <testcase name="loginWithWrongPasswordOrLoginTest[regtest.2020@mail.ru, wrongpassword](1)" classname="ru.mail.regtest2020.tests.LoginTests" time="3.303">
    <system-out><![CDATA[[TestNGContentHandler] [WARN] It is strongly recommended to add "<!DOCTYPE suite SYSTEM "https://testng.org/testng-1.0.dtd" >" at the top of your file, otherwise TestNG may fail or not work as expected.
]]></system-out>
    <system-err><![CDATA[SLF4J: Failed to load class "org.slf4j.impl.StaticLoggerBinder".
SLF4J: Defaulting to no-operation (NOP) logger implementation
SLF4J: See http://www.slf4j.org/codes.html#StaticLoggerBinder for further details.
Starting ChromeDriver 85.0.4183.87 (cd6713ebf92fa1cacc0f1a598df280093af0c5d7-refs/branch-heads/4183@{#1689}) on port 45101
Only local connections are allowed.
Please see https://chromedriver.chromium.org/security-considerations for suggestions on keeping ChromeDriver safe.
ChromeDriver was started successfully.
сен 23, 2020 3:25:24 PM org.openqa.selenium.remote.ProtocolHandshake createSession
INFO: Detected dialect: W3C
]]></system-err>
  </testcase>
  <testcase name="loginWithWrongPasswordOrLoginTest[wronglogin@df.er, 12345](2)" classname="ru.mail.regtest2020.tests.LoginTests" time="3.514"/>
  <testcase name="successfulLoginTest[regtest.2020@mail.ru, 12345](1)" classname="ru.mail.regtest2020.tests.LoginTests" time="7.382"/>
  <testcase name="successfulLoginTest[ regtest.2020@mail.ru ,  12345 ](2)" classname="ru.mail.regtest2020.tests.LoginTests" time="7.033"/>
  <testcase name="checkRequiredFieldsTest[firstName](1)" classname="ru.mail.regtest2020.tests.RegistrationTests" time="1.904">
    <system-err><![CDATA[Starting ChromeDriver 85.0.4183.87 (cd6713ebf92fa1cacc0f1a598df280093af0c5d7-refs/branch-heads/4183@{#1689}) on port 44626
Only local connections are allowed.
Please see https://chromedriver.chromium.org/security-considerations for suggestions on keeping ChromeDriver safe.
ChromeDriver was started successfully.
сен 23, 2020 3:26:15 PM org.openqa.selenium.remote.ProtocolHandshake createSession
INFO: Detected dialect: W3C
]]></system-err>
  </testcase>
  <testcase name="checkRequiredFieldsTest[lastName](2)" classname="ru.mail.regtest2020.tests.RegistrationTests" time="0.94"/>
  <testcase name="checkRequiredFieldsTest[email](3)" classname="ru.mail.regtest2020.tests.RegistrationTests" time="0.737"/>
  <testcase name="checkRequiredFieldsTest[password](4)" classname="ru.mail.regtest2020.tests.RegistrationTests" time="1.118"/>
  <testcase name="checkRequiredFieldsTest[confirmPassword](5)" classname="ru.mail.regtest2020.tests.RegistrationTests" time="0.87"/>
  <testcase name="fillEmailCorrectDataTest[bulkin_ivan@mail12.ru](1)" classname="ru.mail.regtest2020.tests.RegistrationTests" time="6.166"/>
  <testcase name="fillEmailCorrectDataTest[bulkin25@mail.ru](2)" classname="ru.mail.regtest2020.tests.RegistrationTests" time="5.828"/>
  <testcase name="fillEmailCorrectDataTest[bulkin.ivan@mail.ru](3)" classname="ru.mail.regtest2020.tests.RegistrationTests" time="5.937"/>
  <testcase name="fillEmailCorrectDataTest[bulkin-ivan@mail.ru](4)" classname="ru.mail.regtest2020.tests.RegistrationTests" time="5.884"/>
  <testcase name="fillEmailCorrectDataTest[ivan@mail_mail.ru ](5)" classname="ru.mail.regtest2020.tests.RegistrationTests" time="0.79">
    <failure message="expected [false] but found [true]" type="java.lang.AssertionError"><![CDATA[java.lang.AssertionError: expected [false] but found [true]
	at ru.mail.regtest2020.tests.RegistrationTests.fillEmailCorrectDataTest(RegistrationTests.java:150)
]]></failure>
  </testcase>
  <testcase name="fillEmailCorrectDataTest[ivan@mail-mail.ru](6)" classname="ru.mail.regtest2020.tests.RegistrationTests" time="5.979"/>
  <testcase name="fillEmailCorrectDataTest[IVAN@mail.ru](7)" classname="ru.mail.regtest2020.tests.RegistrationTests" time="5.849"/>
  <testcase name="fillEmailCorrectDataTest[IVAN@почта.рф](8)" classname="ru.mail.regtest2020.tests.RegistrationTests" time="0.679">
    <failure message="expected [false] but found [true]" type="java.lang.AssertionError"><![CDATA[java.lang.AssertionError: expected [false] but found [true]
	at ru.mail.regtest2020.tests.RegistrationTests.fillEmailCorrectDataTest(RegistrationTests.java:150)
]]></failure>
  </testcase>
  <testcase name="fillEmailIncorrectDataTest[bulkin ivan@mail.ru](1)" classname="ru.mail.regtest2020.tests.RegistrationTests" time="0.959"/>
  <testcase name="fillEmailIncorrectDataTest[bulkin@mail](2)" classname="ru.mail.regtest2020.tests.RegistrationTests" time="0.953"/>
  <testcase name="fillEmailIncorrectDataTest[ivan@.ru](3)" classname="ru.mail.regtest2020.tests.RegistrationTests" time="0.884"/>
  <testcase name="fillEmailIncorrectDataTest[ ](4)" classname="ru.mail.regtest2020.tests.RegistrationTests" time="0.68"/>
  <testcase name="fillEmailIncorrectDataTest[ivan#mail.ru](5)" classname="ru.mail.regtest2020.tests.RegistrationTests" time="1.264"/>
  <testcase name="fillEmailIncorrectDataTest[Iivan@ma%il.ru](6)" classname="ru.mail.regtest2020.tests.RegistrationTests" time="0.918"/>
  <testcase name="fillEmailIncorrectDataTest[ivan@mail mail.ru](7)" classname="ru.mail.regtest2020.tests.RegistrationTests" time="0.963"/>
  <testcase name="fillEmailIncorrectDataTest[@mail.ru](8)" classname="ru.mail.regtest2020.tests.RegistrationTests" time="1.792"/>
  <testcase name="fillFirstNameCorrectDataTest[И](1)" classname="ru.mail.regtest2020.tests.RegistrationTests" time="5.837"/>
  <testcase name="fillFirstNameCorrectDataTest[Иван-Иван](2)" classname="ru.mail.regtest2020.tests.RegistrationTests" time="5.776"/>
  <testcase name="fillFirstNameCorrectDataTest[ Иван ](3)" classname="ru.mail.regtest2020.tests.RegistrationTests" time="5.568"/>
  <testcase name="fillFirstNameCorrectDataTest[Ivan](4)" classname="ru.mail.regtest2020.tests.RegistrationTests" time="5.581"/>
  <testcase name="fillFirstNameCorrectDataTest[I](5)" classname="ru.mail.regtest2020.tests.RegistrationTests" time="5.628"/>
  <testcase name="fillFirstNameCorrectDataTest[Иван Иван](6)" classname="ru.mail.regtest2020.tests.RegistrationTests" time="5.695"/>
  <testcase name="fillFirstNameIncorrectDataTest[Иван2](1)" classname="ru.mail.regtest2020.tests.RegistrationTests" time="0.515"/>
  <testcase name="fillFirstNameIncorrectDataTest[Иван+](2)" classname="ru.mail.regtest2020.tests.RegistrationTests" time="0.602"/>
  <testcase name="fillFirstNameIncorrectDataTest[Иван*!](3)" classname="ru.mail.regtest2020.tests.RegistrationTests" time="0.719"/>
  <testcase name="fillFirstNameIncorrectDataTest[ ](4)" classname="ru.mail.regtest2020.tests.RegistrationTests" time="0.54"/>
  <testcase name="fillFirstNameIncorrectDataTest[Ivan12](5)" classname="ru.mail.regtest2020.tests.RegistrationTests" time="0.755"/>
  <testcase name="fillFirstNameIncorrectDataTest[Ivan%](6)" classname="ru.mail.regtest2020.tests.RegistrationTests" time="0.597"/>
  <testcase name="fillFirstNameIncorrectDataTest[2](7)" classname="ru.mail.regtest2020.tests.RegistrationTests" time="5.589">
    <failure message="expected [true] but found [false]" type="java.lang.AssertionError"><![CDATA[java.lang.AssertionError: expected [true] but found [false]
	at ru.mail.regtest2020.tests.RegistrationTests.fillFirstNameIncorrectDataTest(RegistrationTests.java:111)
]]></failure>
  </testcase>
  <testcase name="fillFirstNameIncorrectDataTest[=](8)" classname="ru.mail.regtest2020.tests.RegistrationTests" time="5.553">
    <failure message="expected [true] but found [false]" type="java.lang.AssertionError"><![CDATA[java.lang.AssertionError: expected [true] but found [false]
	at ru.mail.regtest2020.tests.RegistrationTests.fillFirstNameIncorrectDataTest(RegistrationTests.java:111)
]]></failure>
  </testcase>
  <testcase name="fillLastNameCorrectDataTest[Б](1)" classname="ru.mail.regtest2020.tests.RegistrationTests" time="5.493"/>
  <testcase name="fillLastNameCorrectDataTest[Бул-кин](2)" classname="ru.mail.regtest2020.tests.RegistrationTests" time="5.643"/>
  <testcase name="fillLastNameCorrectDataTest[ Булкин ](3)" classname="ru.mail.regtest2020.tests.RegistrationTests" time="5.583"/>
  <testcase name="fillLastNameCorrectDataTest[Bulkin](4)" classname="ru.mail.regtest2020.tests.RegistrationTests" time="5.528"/>
  <testcase name="fillLastNameCorrectDataTest[B](5)" classname="ru.mail.regtest2020.tests.RegistrationTests" time="5.57"/>
  <testcase name="fillLastNameCorrectDataTest[Булкин Плюшкин](6)" classname="ru.mail.regtest2020.tests.RegistrationTests" time="5.63"/>
  <testcase name="fillLastNameIncorrectDataTest[Булкин2](1)" classname="ru.mail.regtest2020.tests.RegistrationTests" time="5.674">
    <failure message="expected [true] but found [false]" type="java.lang.AssertionError"><![CDATA[java.lang.AssertionError: expected [true] but found [false]
	at ru.mail.regtest2020.tests.RegistrationTests.fillLastNameIncorrectDataTest(RegistrationTests.java:85)
]]></failure>
  </testcase>
  <testcase name="fillLastNameIncorrectDataTest[Булкин+](2)" classname="ru.mail.regtest2020.tests.RegistrationTests" time="5.564">
    <failure message="expected [true] but found [false]" type="java.lang.AssertionError"><![CDATA[java.lang.AssertionError: expected [true] but found [false]
	at ru.mail.regtest2020.tests.RegistrationTests.fillLastNameIncorrectDataTest(RegistrationTests.java:85)
]]></failure>
  </testcase>
  <testcase name="fillLastNameIncorrectDataTest[Булкин*!](3)" classname="ru.mail.regtest2020.tests.RegistrationTests" time="5.67">
    <failure message="expected [true] but found [false]" type="java.lang.AssertionError"><![CDATA[java.lang.AssertionError: expected [true] but found [false]
	at ru.mail.regtest2020.tests.RegistrationTests.fillLastNameIncorrectDataTest(RegistrationTests.java:85)
]]></failure>
  </testcase>
  <testcase name="fillLastNameIncorrectDataTest[ ](4)" classname="ru.mail.regtest2020.tests.RegistrationTests" time="0.524"/>
  <testcase name="fillLastNameIncorrectDataTest[Bulkin12](5)" classname="ru.mail.regtest2020.tests.RegistrationTests" time="5.81">
    <failure message="expected [true] but found [false]" type="java.lang.AssertionError"><![CDATA[java.lang.AssertionError: expected [true] but found [false]
	at ru.mail.regtest2020.tests.RegistrationTests.fillLastNameIncorrectDataTest(RegistrationTests.java:85)
]]></failure>
  </testcase>
  <testcase name="fillLastNameIncorrectDataTest[Bulkin%](6)" classname="ru.mail.regtest2020.tests.RegistrationTests" time="5.554">
    <failure message="expected [true] but found [false]" type="java.lang.AssertionError"><![CDATA[java.lang.AssertionError: expected [true] but found [false]
	at ru.mail.regtest2020.tests.RegistrationTests.fillLastNameIncorrectDataTest(RegistrationTests.java:85)
]]></failure>
  </testcase>
  <testcase name="fillLastNameIncorrectDataTest[2](7)" classname="ru.mail.regtest2020.tests.RegistrationTests" time="5.502">
    <failure message="expected [true] but found [false]" type="java.lang.AssertionError"><![CDATA[java.lang.AssertionError: expected [true] but found [false]
	at ru.mail.regtest2020.tests.RegistrationTests.fillLastNameIncorrectDataTest(RegistrationTests.java:85)
]]></failure>
  </testcase>
  <testcase name="fillLastNameIncorrectDataTest[=](8)" classname="ru.mail.regtest2020.tests.RegistrationTests" time="0.54"/>
  <testcase name="fillPasswordCorrectDataTest[12345](1)" classname="ru.mail.regtest2020.tests.RegistrationTests" time="5.639"/>
  <testcase name="fillPasswordCorrectDataTest[ 12345 ](2)" classname="ru.mail.regtest2020.tests.RegistrationTests" time="5.671"/>
  <testcase name="fillPasswordCorrectDataTest[12345t](3)" classname="ru.mail.regtest2020.tests.RegistrationTests" time="5.661"/>
  <testcase name="fillPasswordIncorrectDataTest[ ](1)" classname="ru.mail.regtest2020.tests.RegistrationTests" time="0.72"/>
  <testcase name="fillPasswordIncorrectDataTest[1234](2)" classname="ru.mail.regtest2020.tests.RegistrationTests" time="0.904"/>
  <testcase name="fillPasswordIncorrectDataTest[1](3)" classname="ru.mail.regtest2020.tests.RegistrationTests" time="0.757"/>
  <testcase name="passwordNotConfirmedTest" classname="ru.mail.regtest2020.tests.RegistrationTests" time="0.284"/>
  <testcase name="registrationWithExistEmailTest" classname="ru.mail.regtest2020.tests.RegistrationTests" time="1.064"/>
  <testcase name="successfulRegistrationTest" classname="ru.mail.regtest2020.tests.RegistrationTests" time="4.401"/>
</testsuite>