<?xml version="1.0" encoding="UTF-8"?>
<!-- Generated by org.testng.reporters.JUnitReportReporter -->
<testsuite skipped="0" hostname="BOOK120WM6" name="ru.mail.regtest2020.tests.LoginTests" tests="4" failures="0" timestamp="2020-09-23T15:29:57 NOVT" time="23.836" errors="0">
  <testcase name="loginWithWrongPasswordOrLoginTest" time="4.501" classname="ru.mail.regtest2020.tests.LoginTests"/>
  <system-out/>
  <testcase name="successfulLoginTest" time="8.278" classname="ru.mail.regtest2020.tests.LoginTests"/>
  <system-out/>
  <testcase name="successfulLoginTest" time="7.283" classname="ru.mail.regtest2020.tests.LoginTests"/>
  <system-out/>
  <testcase name="loginWithWrongPasswordOrLoginTest" time="3.774" classname="ru.mail.regtest2020.tests.LoginTests"/>
  <system-out/>
</testsuite> <!-- ru.mail.regtest2020.tests.LoginTests -->
